make all --print-data-base --no-builtin-variables --no-builtin-rules --question
make: *** No rule to make target 'all'.  Stop.

# GNU Make 4.2.1
# Built for x86_64-pc-linux-gnu
# Copyright (C) 1988-2016 Free Software Foundation, Inc.
# License GPLv3+: GNU GPL version 3 or later <http://gnu.org/licenses/gpl.html>
# This is free software: you are free to change and redistribute it.
# There is NO WARRANTY, to the extent permitted by law.

# Make data base, printed on Tue May 17 19:34:27 2022

# Variables

# automatic
<D = $(patsubst %/,%,$(dir $<))
# automatic
?F = $(notdir $?)
# environment
DESKTOP_SESSION = xubuntu
# default
.SHELLFLAGS := -c
# environment
XDG_SESSION_CLASS = user
# environment
XDG_SESSION_TYPE = x11
# environment
VSCODE_LOG_NATIVE = false
# automatic
?D = $(patsubst %/,%,$(dir $?))
# automatic
@D = $(patsubst %/,%,$(dir $@))
# environment
XAUTHORITY = /home/brais/.Xauthority
# environment
GDMSESSION = xubuntu
# default
MAKE_VERSION := 4.2.1
# makefile
CURDIR := /home/brais/Escritorio/hello-triangle
# makefile
SHELL = /bin/sh
# environment
GDM_LANG = es_ES
# environment
VSCODE_NLS_CONFIG = {"locale":"es","availableLanguages":{"*":"es"},"_languagePackId":"81204e1a79a1a53aa2a74c293087d05a.es","_translationsConfigFile":"/home/brais/.config/Code/clp/81204e1a79a1a53aa2a74c293087d05a.es/tcf.json","_cacheRoot":"/home/brais/.config/Code/clp/81204e1a79a1a53aa2a74c293087d05a.es","_resolvedLanguagePackCoreLocation":"/home/brais/.config/Code/clp/81204e1a79a1a53aa2a74c293087d05a.es/da15b6fd3ef856477bf6f4fb29ba1b7af717770d","_corruptedFile":"/home/brais/.config/Code/clp/81204e1a79a1a53aa2a74c293087d05a.es/corrupted.info","_languagePackSupport":true}
# environment
_ = /usr/bin/make
# environment
XDG_CONFIG_DIRS = /etc/xdg/xdg-xubuntu:/etc/xdg:/etc/xdg
# environment
LESSOPEN = | /usr/bin/lesspipe %s
# environment
GTK_OVERLAY_SCROLLING = 0
# makefile
MAKEFILE_LIST := 
# automatic
@F = $(notdir $@)
# 'override' directive
GNUMAKEFLAGS := 
# environment
MANDATORY_PATH = /usr/share/gconf/xubuntu.mandatory.path
# environment
XDG_DATA_DIRS = /usr/share/xfce4:/usr/share/xubuntu:/home/brais/.local/share/flatpak/exports/share:/var/lib/flatpak/exports/share:/usr/local/share:/usr/share:/var/lib/snapd/desktop:/usr/share
# environment
DBUS_SESSION_BUS_ADDRESS = unix:path=/run/user/1000/bus
# environment
VSCODE_VERBOSE_LOGGING = true
# environment
VITASDK = /usr/local/vitasdk
# environment
DEVKITA64 = /opt/devkitpro//devkitA64
# environment
VSCODE_IPC_HOOK_EXTHOST = /run/user/1000/vscode-ipc-39603df3-bb1f-4de4-92c1-bcd384aab5be.sock
# environment
VSCODE_CWD = /home/brais
# environment
XDG_SESSION_PATH = /org/freedesktop/DisplayManager/Session0
# default
MAKE_HOST := x86_64-pc-linux-gnu
# environment
PATH = /home/brais/.cargo/bin:/home/brais/.local/bin:/usr/local/vitasdk/bin:/home/brais/Android/Sdk/platform-tools/:/home/brais/Android/Sdk/tools/:/home/brais/Android/Sdk/ndk/22.1.7171670/:/opt/devkitpro/tools/bin:/home/brais/.cargo/bin:/home/brais/.local/bin:/opt/devkitpro/tools/bin:/usr/local/sbin:/usr/local/bin:/usr/sbin:/usr/bin:/sbin:/bin:/usr/games:/usr/local/games:/snap/bin:/usr/lib/jvm/java-8-oracle/bin:/usr/lib/jvm/java-8-oracle/db/bin:/usr/lib/jvm/java-8-oracle/jre/bin:/usr/lib/jvm/java-8-oracle/bin:/usr/lib/jvm/java-8-oracle/db/bin:/usr/lib/jvm/java-8-oracle/jre/bin:/opt/devkitpro/devkitARM/bin/:/home/brais/pspdev/bin/:/usr/local/pspdev/bin:/usr/local/ps2dev/bin:/usr/local/ps2dev/ee/bin:/usr/local/ps2dev/iop/bin:/usr/local/ps2dev/dvp/bin:/usr/local/ps2dev/ps2sdk/bin:/usr/local/ps3dev/bin:/usr/local/ps3dev/ppu/bin:/usr/local/ps3dev/spu/bin
# environment
PS2DEV = /usr/local/ps2dev
# environment
GPG_AGENT_INFO = /run/user/1000/gnupg/S.gpg-agent:0:1
# environment
SESSION_MANAGER = local/Black:@/tmp/.ICE-unix/1175,unix/Black:/tmp/.ICE-unix/1175
# environment
XDG_RUNTIME_DIR = /run/user/1000
# default
.INCLUDE_DIRS = /usr/include /usr/local/include /usr/include
# environment
XDG_MENU_PREFIX = xfce-
# environment
VSCODE_LOG_STACK = false
# environment
ELECTRON_RUN_AS_NODE = 1
# environment
ANDROID_HOME = /home/brais/Android/Sdk/
# default
.FEATURES := target-specific order-only second-expansion else-if shortest-stem undefine oneshell archives jobserver output-sync check-symlink load
# environment
XDG_GREETER_DATA_DIR = /var/lib/lightdm-data/brais
# environment
LS_COLORS = 
# environment
XDG_SESSION_DESKTOP = xubuntu
# environment
SSH_AUTH_SOCK = /run/user/1000/keyring/ssh
# automatic
%F = $(notdir $%)
# environment
DISPLAY = :0.0
# environment
VSCODE_PIPE_LOGGING = true
# environment
PWD = /home/brais/Escritorio/hello-triangle
# environment
QT_QPA_PLATFORMTHEME = gtk2
# default
.LOADED := 
# environment
XDG_SEAT = seat0
# environment
SSH_AGENT_PID = 1260
# environment
ORIGINAL_XDG_CURRENT_DESKTOP = XFCE
# environment
VSCODE_AMD_ENTRYPOINT = vs/workbench/api/node/extensionHostProcess
# environment
HOME = /home/brais
# environment
PSPDEV = /usr/local/pspdev
# environment
LESSCLOSE = /usr/bin/lesspipe %s %s
# environment
J2REDIR = /usr/lib/jvm/java-8-oracle/jre
# environment
VSCODE_CODE_CACHE_PATH = /home/brais/.config/Code/CachedData/da15b6fd3ef856477bf6f4fb29ba1b7af717770d
# environment
LOGNAME = brais
# environment
APPLICATION_INSIGHTS_NO_DIAGNOSTIC_CHANNEL = true
# environment
NVM_CD_FLAGS = 
# environment
J2SDKDIR = /usr/lib/jvm/java-8-oracle
# environment
VSCODE_HANDLES_UNCAUGHT_ERRORS = true
# automatic
^D = $(patsubst %/,%,$(dir $^))
# environment
XDG_VTNR = 7
# environment
CLUTTER_BACKEND = x11
# environment
DEVKITPRO = /opt/devkitpro/
# environment
MAKELEVEL := 0
# default
MAKE = $(MAKE_COMMAND)
# default
MAKECMDGOALS := all
# environment
ANDROID_NDK_HOME = /home/brais/Android/Sdk/ndk/22.1.7171670/
# environment
DEVKITARM = /opt/devkitpro//devkitARM
# environment
SHLVL = 0
# environment
PS3DEV = /usr/local/ps3dev
# environment
JAVA_HOME = /usr/lib/jvm/java-8-oracle
# environment
XDG_SESSION_ID = c2
# environment
USER = brais
# makefile
.DEFAULT_GOAL := 
# environment
XDG_CURRENT_DESKTOP = XFCE
# automatic
%D = $(patsubst %/,%,$(dir $%))
# default
MAKE_COMMAND := make
# default
.VARIABLES := 
# automatic
*F = $(notdir $*)
# environment
LANGUAGE = es_ES
# environment
XDG_SEAT_PATH = /org/freedesktop/DisplayManager/Seat0
# environment
VSCODE_IPC_HOOK = /run/user/1000/vscode-11ede2c2-1.67.1-main.sock
# environment
PANEL_GDK_CORE_DEVICE_EVENTS = 0
# environment
PS2SDK = /usr/local/ps2dev/ps2sdk
# makefile
MAKEFLAGS = pqrR
# environment
MFLAGS = -pqrR
# automatic
*D = $(patsubst %/,%,$(dir $*))
# environment
NVM_DIR = /home/brais/.nvm
# automatic
+D = $(patsubst %/,%,$(dir $+))
# environment
GDK_BACKEND = x11
# automatic
+F = $(notdir $+)
# environment
QT_ACCESSIBILITY = 1
# environment
DEFAULTS_PATH = /usr/share/gconf/xubuntu.default.path
# default
MAKEFILES := 
# automatic
<F = $(notdir $<)
# environment
GSKIT = /usr/local/ps2dev/gsKit
# environment
LC_ALL = C
# environment
PSL1GHT = /usr/local/ps3dev
# automatic
^F = $(notdir $^)
# default
SUFFIXES := 
# environment
CHROME_DESKTOP = code-url-handler.desktop
# environment
DEVKITPPC = /opt/devkitpro//devkitPPC
# environment
DERBY_HOME = /usr/lib/jvm/java-8-oracle/db
# default
.RECIPEPREFIX := 
# environment
PICO_SDK_PATH = /home/brais/pico-sdk/
# environment
LANG = C
# environment
VSCODE_PID = 56893
# environment
NVM_RC_VERSION = 
# variable set hash-table stats:
# Load=117/1024=11%, Rehash=0, Collisions=14/139=10%

# Pattern-specific Variable Values

# No pattern-specific variable values.

# Directories

# . (device 2049, inode 9052514): 13 files, no impossibilities.

# 13 files, no impossibilities in 1 directories.

# Implicit Rules

# No implicit rules.

# Files

# Not a target:
all:
#  Command line target.
#  Implicit rule search has been done.
#  File does not exist.
#  File has not been updated.

# Not a target:
Makefile:
#  Implicit rule search has been done.
#  File does not exist.
#  File has been updated.
#  Failed to be updated.

# Not a target:
makefile:
#  Implicit rule search has been done.
#  File does not exist.
#  File has been updated.
#  Failed to be updated.

# Not a target:
.DEFAULT:
#  Implicit rule search has not been done.
#  Modification time never checked.
#  File has not been updated.

# Not a target:
GNUmakefile:
#  Implicit rule search has been done.
#  File does not exist.
#  File has been updated.
#  Failed to be updated.

# files hash-table stats:
 
# Load=6/1024=1%, Rehash=0, Collisions=0/15=0%
# VPATH Search Paths

# No 'vpath' search paths.

# No general ('VPATH' variable) search path.

# strcache buffers: 1 (0) / strings = 21 / storage = 219 B / avg = 10 B
# current buf: size = 8162 B / used = 219 B / count = 21 / avg = 10 B

# strcache performance: lookups = 24 / hit rate = 12%
# hash-table stats:
# Load=21/8192=0%, Rehash=0, Collisions=1/24=4%
# Finished Make data base on Tue May 17 19:34:27 2022

 
